<?xml version="1.0" encoding="UTF-8"?>
<!-- Generated by org.testng.reporters.JUnitReportReporter -->
<testsuite hostname="DESKTOP-H5PSRKV" name="com.dzeepublicplan.DppLoginPageTest" tests="1" failures="0" timestamp="26 Aug 2018 00:29:34 GMT" time="10.632" errors="0">
  <testcase name="verifyDppLoginPageTest" time="10.632" classname="com.dzeepublicplan.DppLoginPageTest"/>
</testsuite> <!-- com.dzeepublicplan.DppLoginPageTest -->
